e:\trabalho calvo\sockets-visual-c-plus-plus\chatcomsocket\chat\debug\chat.mainform.resources
e:\trabalho calvo\sockets-visual-c-plus-plus\chatcomsocket\chat\debug\vc141.pdb
e:\trabalho calvo\sockets-visual-c-plus-plus\chatcomsocket\chat\debug\util.obj
e:\trabalho calvo\sockets-visual-c-plus-plus\chatcomsocket\chat\debug\usermessage.obj
e:\trabalho calvo\sockets-visual-c-plus-plus\chatcomsocket\chat\debug\transmissor.obj
e:\trabalho calvo\sockets-visual-c-plus-plus\chatcomsocket\chat\debug\mainform.obj
e:\trabalho calvo\sockets-visual-c-plus-plus\chatcomsocket\chat\debug\controller.obj
e:\trabalho calvo\sockets-visual-c-plus-plus\chatcomsocket\chat\debug\.netframework,version=v4.6.1.assemblyattributes.obj
e:\trabalho calvo\sockets-visual-c-plus-plus\chatcomsocket\chat\debug\.netframework,version=v4.6.1.assemblyattributes.asm
e:\trabalho calvo\sockets-visual-c-plus-plus\chatcomsocket\debug\chat.exe
e:\trabalho calvo\sockets-visual-c-plus-plus\chatcomsocket\debug\chat.pdb
e:\trabalho calvo\sockets-visual-c-plus-plus\chatcomsocket\chat\debug\chat.vcxproj.generateresource.cache
e:\trabalho calvo\sockets-visual-c-plus-plus\chatcomsocket\chat\debug\chat.vcxprojassemblyreference.cache
e:\trabalho calvo\sockets-visual-c-plus-plus\chatcomsocket\chat\debug\chat.tlog\chat.write.1u.tlog
e:\trabalho calvo\sockets-visual-c-plus-plus\chatcomsocket\chat\debug\chat.tlog\cl.command.1.tlog
e:\trabalho calvo\sockets-visual-c-plus-plus\chatcomsocket\chat\debug\chat.tlog\cl.read.1.tlog
e:\trabalho calvo\sockets-visual-c-plus-plus\chatcomsocket\chat\debug\chat.tlog\cl.write.1.tlog
e:\trabalho calvo\sockets-visual-c-plus-plus\chatcomsocket\chat\debug\chat.tlog\link.command.1.tlog
e:\trabalho calvo\sockets-visual-c-plus-plus\chatcomsocket\chat\debug\chat.tlog\link.read.1.tlog
e:\trabalho calvo\sockets-visual-c-plus-plus\chatcomsocket\chat\debug\chat.tlog\link.write.1.tlog
e:\trabalho calvo\sockets-visual-c-plus-plus\chatcomsocket\chat\debug\chat.tlog\metagen.read.1.tlog
e:\trabalho calvo\sockets-visual-c-plus-plus\chatcomsocket\chat\debug\chat.tlog\metagen.write.1.tlog
